[ 2016-12-07T17:36:02+08:00 ] 222.195.145.151 /Pets/Interface/index.php/Home/Index/appGetPets
INFO: [ app_init ] --START--
INFO: Run Behavior\BuildLiteBehavior [ RunTime:0.000013s ]
INFO: [ app_init ] --END-- [ RunTime:0.000498s ]
INFO: [ app_begin ] --START--
INFO: Run Behavior\ReadHtmlCacheBehavior [ RunTime:0.000712s ]
INFO: [ app_begin ] --END-- [ RunTime:0.000763s ]
SQL: SHOW COLUMNS FROM `pet` [ RunTime:0.0059s ]
SQL: SELECT * FROM `pet`  [ RunTime:0.0003s ]

[ 2016-12-07T17:41:53+08:00 ] 222.195.145.151 /Pets/Interface/index.php/Home/Index/appGetPets
INFO: [ app_init ] --START--
INFO: Run Behavior\BuildLiteBehavior [ RunTime:0.000012s ]
INFO: [ app_init ] --END-- [ RunTime:0.000491s ]
INFO: [ app_begin ] --START--
INFO: Run Behavior\ReadHtmlCacheBehavior [ RunTime:0.000708s ]
INFO: [ app_begin ] --END-- [ RunTime:0.000758s ]
SQL: SHOW COLUMNS FROM `pet` [ RunTime:0.0069s ]
SQL: SELECT * FROM `pet`  [ RunTime:0.0004s ]

[ 2016-12-07T17:42:02+08:00 ] 222.195.145.151 /Pets/Interface/index.php/Home/Index/appGetPetById?pet_id=1
INFO: [ app_init ] --START--
INFO: Run Behavior\BuildLiteBehavior [ RunTime:0.000024s ]
INFO: [ app_init ] --END-- [ RunTime:0.000855s ]
INFO: [ app_begin ] --START--
INFO: Run Behavior\ReadHtmlCacheBehavior [ RunTime:0.001258s ]
INFO: [ app_begin ] --END-- [ RunTime:0.001357s ]
SQL: SHOW COLUMNS FROM `pet` [ RunTime:0.0076s ]
SQL: SELECT * FROM `pet` WHERE ( id='1' )  [ RunTime:0.0005s ]

[ 2016-12-07T17:42:05+08:00 ] 222.195.145.151 /Pets/Interface/index.php/Home/Index/appApplyPet
INFO: [ app_init ] --START--
INFO: Run Behavior\BuildLiteBehavior [ RunTime:0.000025s ]
INFO: [ app_init ] --END-- [ RunTime:0.000849s ]
INFO: [ app_begin ] --START--
INFO: Run Behavior\ReadHtmlCacheBehavior [ RunTime:0.000429s ]
INFO: [ app_begin ] --END-- [ RunTime:0.000470s ]
ERR: 非法操作:appApplyPet

[ 2016-12-07T17:43:07+08:00 ] 222.195.145.151 /Pets/Interface/index.php/Home/Index/appGetPets
INFO: [ app_init ] --START--
INFO: Run Behavior\BuildLiteBehavior [ RunTime:0.000014s ]
INFO: [ app_init ] --END-- [ RunTime:0.000499s ]
INFO: [ app_begin ] --START--
INFO: Run Behavior\ReadHtmlCacheBehavior [ RunTime:0.000614s ]
INFO: [ app_begin ] --END-- [ RunTime:0.000670s ]
SQL: SHOW COLUMNS FROM `pet` [ RunTime:0.0075s ]
SQL: SELECT * FROM `pet`  [ RunTime:0.0006s ]

[ 2016-12-07T17:43:09+08:00 ] 222.195.145.151 /Pets/Interface/index.php/Home/Index/appGetPetById?pet_id=1
INFO: [ app_init ] --START--
INFO: Run Behavior\BuildLiteBehavior [ RunTime:0.000009s ]
INFO: [ app_init ] --END-- [ RunTime:0.000272s ]
INFO: [ app_begin ] --START--
INFO: Run Behavior\ReadHtmlCacheBehavior [ RunTime:0.000440s ]
INFO: [ app_begin ] --END-- [ RunTime:0.000478s ]
SQL: SHOW COLUMNS FROM `pet` [ RunTime:0.0048s ]
SQL: SELECT * FROM `pet` WHERE ( id='1' )  [ RunTime:0.0003s ]

[ 2016-12-07T17:43:11+08:00 ] 222.195.145.151 /Pets/Interface/index.php/Home/Index/appDealApplication
INFO: [ app_init ] --START--
INFO: Run Behavior\BuildLiteBehavior [ RunTime:0.000016s ]
INFO: [ app_init ] --END-- [ RunTime:0.000558s ]
INFO: [ app_begin ] --START--
INFO: Run Behavior\ReadHtmlCacheBehavior [ RunTime:0.000719s ]
INFO: [ app_begin ] --END-- [ RunTime:0.000786s ]
SQL: SHOW COLUMNS FROM `application` [ RunTime:0.0063s ]
SQL: SELECT * FROM `application` WHERE ( userid=7 AND petid=1 AND ispass<>-1 )  [ RunTime:0.0009s ]
ERR: 1064:You have an error in your SQL syntax; check the manual that corresponds to your MySQL server version for the right syntax to use near '%d AND petid=%d AND ispass=1 )' at line 1
 [ SQL语句 ] : SELECT * FROM `application` WHERE ( userid=%d AND petid=%d AND ispass=1 ) 
ERR: 1064:You have an error in your SQL syntax; check the manual that corresponds to your MySQL server version for the right syntax to use near '%d AND petid=%d AND ispass=1 )' at line 1
 [ SQL语句 ] : SELECT * FROM `application` WHERE ( userid=%d AND petid=%d AND ispass=1 ) 

[ 2016-12-07T17:45:49+08:00 ] 222.195.145.151 /Pets/Interface/index.php/Home/Index/appDealApplication
INFO: [ app_init ] --START--
INFO: Run Behavior\BuildLiteBehavior [ RunTime:0.000024s ]
INFO: [ app_init ] --END-- [ RunTime:0.000977s ]
INFO: [ app_begin ] --START--
INFO: Run Behavior\ReadHtmlCacheBehavior [ RunTime:0.000619s ]
INFO: [ app_begin ] --END-- [ RunTime:0.000671s ]
SQL: SHOW COLUMNS FROM `application` [ RunTime:0.0059s ]
SQL: SELECT * FROM `application` WHERE ( userid=7 AND petid=1 AND ispass<>-1 )  [ RunTime:0.0004s ]
ERR: 1064:You have an error in your SQL syntax; check the manual that corresponds to your MySQL server version for the right syntax to use near '%d AND petid=%d AND ispass=1 )' at line 1
 [ SQL语句 ] : SELECT * FROM `application` WHERE ( userid=%d AND petid=%d AND ispass=1 ) 
ERR: 1064:You have an error in your SQL syntax; check the manual that corresponds to your MySQL server version for the right syntax to use near '%d AND petid=%d AND ispass=1 )' at line 1
 [ SQL语句 ] : SELECT * FROM `application` WHERE ( userid=%d AND petid=%d AND ispass=1 ) 

[ 2016-12-07T17:46:10+08:00 ] 222.195.145.151 /Pets/Interface/index.php/Home/Index/appGetPets
INFO: [ app_init ] --START--
INFO: Run Behavior\BuildLiteBehavior [ RunTime:0.000008s ]
INFO: [ app_init ] --END-- [ RunTime:0.000319s ]
INFO: [ app_begin ] --START--
INFO: Run Behavior\ReadHtmlCacheBehavior [ RunTime:0.000396s ]
INFO: [ app_begin ] --END-- [ RunTime:0.000431s ]
SQL: SHOW COLUMNS FROM `pet` [ RunTime:0.0047s ]
SQL: SELECT * FROM `pet`  [ RunTime:0.0003s ]

[ 2016-12-07T17:46:11+08:00 ] 222.195.145.151 /Pets/Interface/index.php/Home/Index/appGetPetById?pet_id=2
INFO: [ app_init ] --START--
INFO: Run Behavior\BuildLiteBehavior [ RunTime:0.000014s ]
INFO: [ app_init ] --END-- [ RunTime:0.000476s ]
INFO: [ app_begin ] --START--
INFO: Run Behavior\ReadHtmlCacheBehavior [ RunTime:0.000621s ]
INFO: [ app_begin ] --END-- [ RunTime:0.000678s ]
SQL: SHOW COLUMNS FROM `pet` [ RunTime:0.0082s ]
SQL: SELECT * FROM `pet` WHERE ( id='2' )  [ RunTime:0.0003s ]

[ 2016-12-07T17:46:12+08:00 ] 222.195.145.151 /Pets/Interface/index.php/Home/Index/appDealApplication
INFO: [ app_init ] --START--
INFO: Run Behavior\BuildLiteBehavior [ RunTime:0.000010s ]
INFO: [ app_init ] --END-- [ RunTime:0.000275s ]
INFO: [ app_begin ] --START--
INFO: Run Behavior\ReadHtmlCacheBehavior [ RunTime:0.000310s ]
INFO: [ app_begin ] --END-- [ RunTime:0.000350s ]
SQL: SHOW COLUMNS FROM `application` [ RunTime:0.0035s ]
SQL: SELECT * FROM `application` WHERE ( userid=7 AND petid=2 AND ispass<>-1 )  [ RunTime:0.0003s ]
ERR: 1064:You have an error in your SQL syntax; check the manual that corresponds to your MySQL server version for the right syntax to use near '%d AND petid=%d AND ispass=1 )' at line 1
 [ SQL语句 ] : SELECT * FROM `application` WHERE ( userid=%d AND petid=%d AND ispass=1 ) 
ERR: 1064:You have an error in your SQL syntax; check the manual that corresponds to your MySQL server version for the right syntax to use near '%d AND petid=%d AND ispass=1 )' at line 1
 [ SQL语句 ] : SELECT * FROM `application` WHERE ( userid=%d AND petid=%d AND ispass=1 ) 

[ 2016-12-07T17:47:01+08:00 ] 222.195.145.151 /Pets/Interface/index.php/Home/Index/appGetPets
INFO: [ app_init ] --START--
INFO: Run Behavior\BuildLiteBehavior [ RunTime:0.000015s ]
INFO: [ app_init ] --END-- [ RunTime:0.000531s ]
INFO: [ app_begin ] --START--
INFO: Run Behavior\ReadHtmlCacheBehavior [ RunTime:0.000495s ]
INFO: [ app_begin ] --END-- [ RunTime:0.000546s ]
SQL: SHOW COLUMNS FROM `pet` [ RunTime:0.0058s ]
SQL: SELECT * FROM `pet`  [ RunTime:0.0003s ]

[ 2016-12-07T17:47:27+08:00 ] 222.195.145.151 /Pets/Interface/index.php/Home/Index/appGetPetById?pet_id=1
INFO: [ app_init ] --START--
INFO: Run Behavior\BuildLiteBehavior [ RunTime:0.000009s ]
INFO: [ app_init ] --END-- [ RunTime:0.000280s ]
INFO: [ app_begin ] --START--
INFO: Run Behavior\ReadHtmlCacheBehavior [ RunTime:0.000333s ]
INFO: [ app_begin ] --END-- [ RunTime:0.000364s ]
SQL: SHOW COLUMNS FROM `pet` [ RunTime:0.0047s ]
SQL: SELECT * FROM `pet` WHERE ( id='1' )  [ RunTime:0.0003s ]

[ 2016-12-07T17:47:30+08:00 ] 222.195.145.151 /Pets/Interface/index.php/Home/Index/appDealApplication
INFO: [ app_init ] --START--
INFO: Run Behavior\BuildLiteBehavior [ RunTime:0.000012s ]
INFO: [ app_init ] --END-- [ RunTime:0.000384s ]
INFO: [ app_begin ] --START--
INFO: Run Behavior\ReadHtmlCacheBehavior [ RunTime:0.000497s ]
INFO: [ app_begin ] --END-- [ RunTime:0.000549s ]
SQL: SHOW COLUMNS FROM `application` [ RunTime:0.0051s ]
SQL: SELECT * FROM `application` WHERE ( userid=7 AND petid=1 AND ispass<>-1 )  [ RunTime:0.0004s ]
ERR: 1064:You have an error in your SQL syntax; check the manual that corresponds to your MySQL server version for the right syntax to use near '%d AND petid=%d AND ispass=1 )' at line 1
 [ SQL语句 ] : SELECT * FROM `application` WHERE ( userid=%d AND petid=%d AND ispass=1 ) 
ERR: 1064:You have an error in your SQL syntax; check the manual that corresponds to your MySQL server version for the right syntax to use near '%d AND petid=%d AND ispass=1 )' at line 1
 [ SQL语句 ] : SELECT * FROM `application` WHERE ( userid=%d AND petid=%d AND ispass=1 ) 

[ 2016-12-07T17:52:23+08:00 ] 222.195.145.151 /Pets/Interface/index.php/Home/Index/appGetPets
INFO: [ app_init ] --START--
INFO: Run Behavior\BuildLiteBehavior [ RunTime:0.000021s ]
INFO: [ app_init ] --END-- [ RunTime:0.000540s ]
INFO: [ app_begin ] --START--
INFO: Run Behavior\ReadHtmlCacheBehavior [ RunTime:0.000457s ]
INFO: [ app_begin ] --END-- [ RunTime:0.000490s ]
SQL: SHOW COLUMNS FROM `pet` [ RunTime:0.0057s ]
SQL: SELECT * FROM `pet`  [ RunTime:0.0003s ]

[ 2016-12-07T17:52:25+08:00 ] 222.195.145.151 /Pets/Interface/index.php/Home/Index/appGetPetById?pet_id=2
INFO: [ app_init ] --START--
INFO: Run Behavior\BuildLiteBehavior [ RunTime:0.000008s ]
INFO: [ app_init ] --END-- [ RunTime:0.000260s ]
INFO: [ app_begin ] --START--
INFO: Run Behavior\ReadHtmlCacheBehavior [ RunTime:0.000499s ]
INFO: [ app_begin ] --END-- [ RunTime:0.000551s ]
SQL: SHOW COLUMNS FROM `pet` [ RunTime:0.0050s ]
SQL: SELECT * FROM `pet` WHERE ( id='2' )  [ RunTime:0.0003s ]

[ 2016-12-07T17:52:26+08:00 ] 222.195.145.151 /Pets/Interface/index.php/Home/Index/appDealApplication
INFO: [ app_init ] --START--
INFO: Run Behavior\BuildLiteBehavior [ RunTime:0.000008s ]
INFO: [ app_init ] --END-- [ RunTime:0.000285s ]
INFO: [ app_begin ] --START--
INFO: Run Behavior\ReadHtmlCacheBehavior [ RunTime:0.000488s ]
INFO: [ app_begin ] --END-- [ RunTime:0.000542s ]
SQL: SHOW COLUMNS FROM `application` [ RunTime:0.0052s ]
SQL: SELECT * FROM `application` WHERE ( userid=7 AND petid=2 AND ispass<>-1 )  [ RunTime:0.0003s ]
SQL: SELECT * FROM `application` WHERE ( userid=7 AND petid=2 AND ispass=1 )  [ RunTime:0.0002s ]
SQL: INSERT INTO `application` (`userid`,`petid`) VALUES ('7','2') [ RunTime:0.0018s ]
INFO: [ app_end ] --START--
INFO: Run Behavior\ShowPageTraceBehavior [ RunTime:0.000563s ]
INFO: [ app_end ] --END-- [ RunTime:0.000594s ]

[ 2016-12-07T17:53:02+08:00 ] 222.195.145.151 /Pets/Interface/index.php/Home/Index/appDealApplication
INFO: [ app_init ] --START--
INFO: Run Behavior\BuildLiteBehavior [ RunTime:0.000014s ]
INFO: [ app_init ] --END-- [ RunTime:0.000491s ]
INFO: [ app_begin ] --START--
INFO: Run Behavior\ReadHtmlCacheBehavior [ RunTime:0.000627s ]
INFO: [ app_begin ] --END-- [ RunTime:0.000685s ]
SQL: SHOW COLUMNS FROM `application` [ RunTime:0.0074s ]
SQL: SELECT * FROM `application` WHERE ( userid=7 AND petid=2 AND ispass<>-1 )  [ RunTime:0.0005s ]
INFO: [ app_end ] --START--
INFO: Run Behavior\ShowPageTraceBehavior [ RunTime:0.000786s ]
INFO: [ app_end ] --END-- [ RunTime:0.000840s ]

[ 2016-12-07T17:53:05+08:00 ] 222.195.145.151 /Pets/Interface/index.php/Home/Index/appDealApplication
INFO: [ app_init ] --START--
INFO: Run Behavior\BuildLiteBehavior [ RunTime:0.000023s ]
INFO: [ app_init ] --END-- [ RunTime:0.000838s ]
INFO: [ app_begin ] --START--
INFO: Run Behavior\ReadHtmlCacheBehavior [ RunTime:0.000435s ]
INFO: [ app_begin ] --END-- [ RunTime:0.000476s ]
SQL: SHOW COLUMNS FROM `application` [ RunTime:0.0051s ]
SQL: SELECT * FROM `application` WHERE ( userid=7 AND petid=2 AND ispass<>-1 )  [ RunTime:0.0002s ]
INFO: [ app_end ] --START--
INFO: Run Behavior\ShowPageTraceBehavior [ RunTime:0.000490s ]
INFO: [ app_end ] --END-- [ RunTime:0.000529s ]

[ 2016-12-07T17:53:06+08:00 ] 222.195.145.151 /Pets/Interface/index.php/Home/Index/appGetPets
INFO: [ app_init ] --START--
INFO: Run Behavior\BuildLiteBehavior [ RunTime:0.000023s ]
INFO: [ app_init ] --END-- [ RunTime:0.000861s ]
INFO: [ app_begin ] --START--
INFO: Run Behavior\ReadHtmlCacheBehavior [ RunTime:0.001083s ]
INFO: [ app_begin ] --END-- [ RunTime:0.001181s ]
SQL: SHOW COLUMNS FROM `pet` [ RunTime:0.0051s ]
SQL: SELECT * FROM `pet`  [ RunTime:0.0003s ]

[ 2016-12-07T17:53:08+08:00 ] 222.195.145.151 /Pets/Interface/index.php/Home/Index/appGetPetById?pet_id=1
INFO: [ app_init ] --START--
INFO: Run Behavior\BuildLiteBehavior [ RunTime:0.000009s ]
INFO: [ app_init ] --END-- [ RunTime:0.000303s ]
INFO: [ app_begin ] --START--
INFO: Run Behavior\ReadHtmlCacheBehavior [ RunTime:0.000571s ]
INFO: [ app_begin ] --END-- [ RunTime:0.000620s ]
SQL: SHOW COLUMNS FROM `pet` [ RunTime:0.0054s ]
SQL: SELECT * FROM `pet` WHERE ( id='1' )  [ RunTime:0.0003s ]

[ 2016-12-07T17:53:09+08:00 ] 222.195.145.151 /Pets/Interface/index.php/Home/Index/appDealApplication
INFO: [ app_init ] --START--
INFO: Run Behavior\BuildLiteBehavior [ RunTime:0.000011s ]
INFO: [ app_init ] --END-- [ RunTime:0.000371s ]
INFO: [ app_begin ] --START--
INFO: Run Behavior\ReadHtmlCacheBehavior [ RunTime:0.000508s ]
INFO: [ app_begin ] --END-- [ RunTime:0.000561s ]
SQL: SHOW COLUMNS FROM `application` [ RunTime:0.0060s ]
SQL: SELECT * FROM `application` WHERE ( userid=7 AND petid=1 AND ispass<>-1 )  [ RunTime:0.0003s ]
SQL: SELECT * FROM `application` WHERE ( userid=7 AND petid=1 AND ispass=1 )  [ RunTime:0.0002s ]
SQL: INSERT INTO `application` (`userid`,`petid`) VALUES ('7','1') [ RunTime:0.0021s ]
INFO: [ app_end ] --START--
INFO: Run Behavior\ShowPageTraceBehavior [ RunTime:0.000651s ]
INFO: [ app_end ] --END-- [ RunTime:0.000692s ]

[ 2016-12-07T17:53:17+08:00 ] 222.195.145.151 /Pets/Interface/index.php/Home/Index/appDealApplication
INFO: [ app_init ] --START--
INFO: Run Behavior\BuildLiteBehavior [ RunTime:0.000026s ]
INFO: [ app_init ] --END-- [ RunTime:0.000899s ]
INFO: [ app_begin ] --START--
INFO: Run Behavior\ReadHtmlCacheBehavior [ RunTime:0.000451s ]
INFO: [ app_begin ] --END-- [ RunTime:0.000493s ]
SQL: SHOW COLUMNS FROM `application` [ RunTime:0.0059s ]
SQL: SELECT * FROM `application` WHERE ( userid=7 AND petid=1 AND ispass<>-1 )  [ RunTime:0.0004s ]
INFO: [ app_end ] --START--
INFO: Run Behavior\ShowPageTraceBehavior [ RunTime:0.000580s ]
INFO: [ app_end ] --END-- [ RunTime:0.000620s ]

[ 2016-12-07T17:53:25+08:00 ] 222.195.145.151 /Pets/Interface/index.php/Home/Index/appGetPets
INFO: [ app_init ] --START--
INFO: Run Behavior\BuildLiteBehavior [ RunTime:0.000010s ]
INFO: [ app_init ] --END-- [ RunTime:0.000370s ]
INFO: [ app_begin ] --START--
INFO: Run Behavior\ReadHtmlCacheBehavior [ RunTime:0.000479s ]
INFO: [ app_begin ] --END-- [ RunTime:0.000522s ]
SQL: SHOW COLUMNS FROM `pet` [ RunTime:0.0063s ]
SQL: SELECT * FROM `pet`  [ RunTime:0.0003s ]

[ 2016-12-07T17:53:26+08:00 ] 222.195.145.151 /Pets/Interface/index.php/Home/Index/appGetPetById?pet_id=3
INFO: [ app_init ] --START--
INFO: Run Behavior\BuildLiteBehavior [ RunTime:0.000022s ]
INFO: [ app_init ] --END-- [ RunTime:0.000846s ]
INFO: [ app_begin ] --START--
INFO: Run Behavior\ReadHtmlCacheBehavior [ RunTime:0.001091s ]
INFO: [ app_begin ] --END-- [ RunTime:0.001193s ]
SQL: SHOW COLUMNS FROM `pet` [ RunTime:0.0035s ]
SQL: SELECT * FROM `pet` WHERE ( id='3' )  [ RunTime:0.0003s ]

[ 2016-12-07T17:53:27+08:00 ] 222.195.145.151 /Pets/Interface/index.php/Home/Index/appDealApplication
INFO: [ app_init ] --START--
INFO: Run Behavior\BuildLiteBehavior [ RunTime:0.000024s ]
INFO: [ app_init ] --END-- [ RunTime:0.000851s ]
INFO: [ app_begin ] --START--
INFO: Run Behavior\ReadHtmlCacheBehavior [ RunTime:0.001066s ]
INFO: [ app_begin ] --END-- [ RunTime:0.001169s ]
SQL: SHOW COLUMNS FROM `application` [ RunTime:0.0050s ]
SQL: SELECT * FROM `application` WHERE ( userid=7 AND petid=3 AND ispass<>-1 )  [ RunTime:0.0003s ]
SQL: SELECT * FROM `application` WHERE ( userid=7 AND petid=3 AND ispass=1 )  [ RunTime:0.0002s ]
SQL: INSERT INTO `application` (`userid`,`petid`) VALUES ('7','3') [ RunTime:0.0018s ]
INFO: [ app_end ] --START--
INFO: Run Behavior\ShowPageTraceBehavior [ RunTime:0.000558s ]
INFO: [ app_end ] --END-- [ RunTime:0.000669s ]

[ 2016-12-07T17:53:30+08:00 ] 222.195.145.151 /Pets/Interface/index.php/Home/Index/appGetPets
INFO: [ app_init ] --START--
INFO: Run Behavior\BuildLiteBehavior [ RunTime:0.000023s ]
INFO: [ app_init ] --END-- [ RunTime:0.000845s ]
INFO: [ app_begin ] --START--
INFO: Run Behavior\ReadHtmlCacheBehavior [ RunTime:0.001074s ]
INFO: [ app_begin ] --END-- [ RunTime:0.001171s ]
SQL: SHOW COLUMNS FROM `pet` [ RunTime:0.0047s ]
SQL: SELECT * FROM `pet`  [ RunTime:0.0002s ]

[ 2016-12-07T17:53:32+08:00 ] 222.195.145.151 /Pets/Interface/index.php/Home/Index/appGetPetById?pet_id=4
INFO: [ app_init ] --START--
INFO: Run Behavior\BuildLiteBehavior [ RunTime:0.000006s ]
INFO: [ app_init ] --END-- [ RunTime:0.000217s ]
INFO: [ app_begin ] --START--
INFO: Run Behavior\ReadHtmlCacheBehavior [ RunTime:0.000275s ]
INFO: [ app_begin ] --END-- [ RunTime:0.000301s ]
SQL: SHOW COLUMNS FROM `pet` [ RunTime:0.0051s ]
SQL: SELECT * FROM `pet` WHERE ( id='4' )  [ RunTime:0.0002s ]

[ 2016-12-07T17:53:33+08:00 ] 222.195.145.151 /Pets/Interface/index.php/Home/Index/appDealApplication
INFO: [ app_init ] --START--
INFO: Run Behavior\BuildLiteBehavior [ RunTime:0.000013s ]
INFO: [ app_init ] --END-- [ RunTime:0.000477s ]
INFO: [ app_begin ] --START--
INFO: Run Behavior\ReadHtmlCacheBehavior [ RunTime:0.000600s ]
INFO: [ app_begin ] --END-- [ RunTime:0.000658s ]
SQL: SHOW COLUMNS FROM `application` [ RunTime:0.0084s ]
SQL: SELECT * FROM `application` WHERE ( userid=7 AND petid=4 AND ispass<>-1 )  [ RunTime:0.0003s ]
SQL: SELECT * FROM `application` WHERE ( userid=7 AND petid=4 AND ispass=1 )  [ RunTime:0.0003s ]
SQL: INSERT INTO `application` (`userid`,`petid`) VALUES ('7','4') [ RunTime:0.0040s ]
INFO: [ app_end ] --START--
INFO: Run Behavior\ShowPageTraceBehavior [ RunTime:0.000439s ]
INFO: [ app_end ] --END-- [ RunTime:0.000472s ]

[ 2016-12-07T17:55:53+08:00 ] 222.195.145.151 /Pets/Interface/index.php/Home/Index/appDealApplication
INFO: [ app_init ] --START--
INFO: Run Behavior\BuildLiteBehavior [ RunTime:0.000023s ]
INFO: [ app_init ] --END-- [ RunTime:0.001087s ]
INFO: [ app_begin ] --START--
INFO: Run Behavior\ReadHtmlCacheBehavior [ RunTime:0.001447s ]
INFO: [ app_begin ] --END-- [ RunTime:0.001552s ]
SQL: SHOW COLUMNS FROM `application` [ RunTime:0.0048s ]
SQL: SELECT * FROM `application` WHERE ( userid=7 AND petid=4 AND ispass<>-1 )  [ RunTime:0.0004s ]
INFO: [ app_end ] --START--
INFO: Run Behavior\ShowPageTraceBehavior [ RunTime:0.000725s ]
INFO: [ app_end ] --END-- [ RunTime:0.000768s ]

[ 2016-12-07T17:55:55+08:00 ] 222.195.145.151 /Pets/Interface/index.php/Home/Index/appGetPets
INFO: [ app_init ] --START--
INFO: Run Behavior\BuildLiteBehavior [ RunTime:0.000023s ]
INFO: [ app_init ] --END-- [ RunTime:0.000834s ]
INFO: [ app_begin ] --START--
INFO: Run Behavior\ReadHtmlCacheBehavior [ RunTime:0.001340s ]
INFO: [ app_begin ] --END-- [ RunTime:0.001457s ]
SQL: SHOW COLUMNS FROM `pet` [ RunTime:0.0061s ]
SQL: SELECT * FROM `pet`  [ RunTime:0.0003s ]

[ 2016-12-07T17:55:56+08:00 ] 222.195.145.151 /Pets/Interface/index.php/Home/Index/appGetPetById?pet_id=5
INFO: [ app_init ] --START--
INFO: Run Behavior\BuildLiteBehavior [ RunTime:0.000011s ]
INFO: [ app_init ] --END-- [ RunTime:0.000373s ]
INFO: [ app_begin ] --START--
INFO: Run Behavior\ReadHtmlCacheBehavior [ RunTime:0.000484s ]
INFO: [ app_begin ] --END-- [ RunTime:0.000528s ]
SQL: SHOW COLUMNS FROM `pet` [ RunTime:0.0060s ]
SQL: SELECT * FROM `pet` WHERE ( id='5' )  [ RunTime:0.0003s ]

[ 2016-12-07T17:55:57+08:00 ] 222.195.145.151 /Pets/Interface/index.php/Home/Index/appDealApplication
INFO: [ app_init ] --START--
INFO: Run Behavior\BuildLiteBehavior [ RunTime:0.000008s ]
INFO: [ app_init ] --END-- [ RunTime:0.000252s ]
INFO: [ app_begin ] --START--
INFO: Run Behavior\ReadHtmlCacheBehavior [ RunTime:0.000311s ]
INFO: [ app_begin ] --END-- [ RunTime:0.000341s ]
SQL: SHOW COLUMNS FROM `application` [ RunTime:0.0048s ]
SQL: SELECT * FROM `application` WHERE ( userid=7 AND petid=5 AND ispass<>-1 )  [ RunTime:0.0003s ]
SQL: SELECT * FROM `application` WHERE ( userid=7 AND petid=5 AND ispass=1 )  [ RunTime:0.0002s ]
SQL: SELECT * FROM `application` WHERE ( userid=7 AND petid=5 AND ispass=0 )  [ RunTime:0.0002s ]
SQL: INSERT INTO `application` (`userid`,`petid`) VALUES ('7','5') [ RunTime:0.0015s ]
INFO: [ app_end ] --START--
INFO: Run Behavior\ShowPageTraceBehavior [ RunTime:0.000456s ]
INFO: [ app_end ] --END-- [ RunTime:0.000486s ]

[ 2016-12-07T17:55:59+08:00 ] 222.195.145.151 /Pets/Interface/index.php/Home/Index/appGetPets
INFO: [ app_init ] --START--
INFO: Run Behavior\BuildLiteBehavior [ RunTime:0.000023s ]
INFO: [ app_init ] --END-- [ RunTime:0.000825s ]
INFO: [ app_begin ] --START--
INFO: Run Behavior\ReadHtmlCacheBehavior [ RunTime:0.001084s ]
INFO: [ app_begin ] --END-- [ RunTime:0.001181s ]
SQL: SHOW COLUMNS FROM `pet` [ RunTime:0.0050s ]
SQL: SELECT * FROM `pet`  [ RunTime:0.0002s ]

[ 2016-12-07T17:56:00+08:00 ] 222.195.145.151 /Pets/Interface/index.php/Home/Index/appGetPetById?pet_id=6
INFO: [ app_init ] --START--
INFO: Run Behavior\BuildLiteBehavior [ RunTime:0.000011s ]
INFO: [ app_init ] --END-- [ RunTime:0.000375s ]
INFO: [ app_begin ] --START--
INFO: Run Behavior\ReadHtmlCacheBehavior [ RunTime:0.000491s ]
INFO: [ app_begin ] --END-- [ RunTime:0.000536s ]
SQL: SHOW COLUMNS FROM `pet` [ RunTime:0.0059s ]
SQL: SELECT * FROM `pet` WHERE ( id='6' )  [ RunTime:0.0003s ]

[ 2016-12-07T17:57:13+08:00 ] 222.195.145.151 /Pets/Interface/index.php/Home/Index/appGetPets
INFO: [ app_init ] --START--
INFO: Run Behavior\BuildLiteBehavior [ RunTime:0.000024s ]
INFO: [ app_init ] --END-- [ RunTime:0.000845s ]
INFO: [ app_begin ] --START--
INFO: Run Behavior\ReadHtmlCacheBehavior [ RunTime:0.001200s ]
INFO: [ app_begin ] --END-- [ RunTime:0.001302s ]
SQL: SHOW COLUMNS FROM `pet` [ RunTime:0.0120s ]
SQL: SELECT * FROM `pet`  [ RunTime:0.0010s ]

[ 2016-12-07T17:57:14+08:00 ] 222.195.145.151 /Pets/Interface/index.php/Home/Index/appGetPetById?pet_id=6
INFO: [ app_init ] --START--
INFO: Run Behavior\BuildLiteBehavior [ RunTime:0.000009s ]
INFO: [ app_init ] --END-- [ RunTime:0.000262s ]
INFO: [ app_begin ] --START--
INFO: Run Behavior\ReadHtmlCacheBehavior [ RunTime:0.000328s ]
INFO: [ app_begin ] --END-- [ RunTime:0.000358s ]
SQL: SHOW COLUMNS FROM `pet` [ RunTime:0.0047s ]
SQL: SELECT * FROM `pet` WHERE ( id='6' )  [ RunTime:0.0002s ]

[ 2016-12-07T17:57:15+08:00 ] 222.195.145.151 /Pets/Interface/index.php/Home/Index/appDealApplication
INFO: [ app_init ] --START--
INFO: Run Behavior\BuildLiteBehavior [ RunTime:0.000011s ]
INFO: [ app_init ] --END-- [ RunTime:0.000413s ]
INFO: [ app_begin ] --START--
INFO: Run Behavior\ReadHtmlCacheBehavior [ RunTime:0.000535s ]
INFO: [ app_begin ] --END-- [ RunTime:0.000596s ]
SQL: SHOW COLUMNS FROM `application` [ RunTime:0.0065s ]
SQL: SELECT * FROM `application` WHERE ( userid=7 AND petid=6 AND ispass<>-1 )  [ RunTime:0.0004s ]
SQL: SELECT * FROM `application` WHERE ( userid=7 AND petid=6 AND ispass=1 )  [ RunTime:0.0003s ]
SQL: SELECT * FROM `application` WHERE ( userid=7 AND petid=6 AND ispass=0 )  [ RunTime:0.0003s ]
SQL: INSERT INTO `application` (`userid`,`petid`) VALUES ('7','6') [ RunTime:0.0019s ]
INFO: [ app_end ] --START--
INFO: Run Behavior\ShowPageTraceBehavior [ RunTime:0.000955s ]
INFO: [ app_end ] --END-- [ RunTime:0.001024s ]

[ 2016-12-07T17:57:18+08:00 ] 222.195.145.151 /Pets/Interface/index.php/Home/Index/appGetPets
INFO: [ app_init ] --START--
INFO: Run Behavior\BuildLiteBehavior [ RunTime:0.000010s ]
INFO: [ app_init ] --END-- [ RunTime:0.000361s ]
INFO: [ app_begin ] --START--
INFO: Run Behavior\ReadHtmlCacheBehavior [ RunTime:0.000449s ]
INFO: [ app_begin ] --END-- [ RunTime:0.000490s ]
SQL: SHOW COLUMNS FROM `pet` [ RunTime:0.0059s ]
SQL: SELECT * FROM `pet`  [ RunTime:0.0003s ]

[ 2016-12-07T17:57:19+08:00 ] 222.195.145.151 /Pets/Interface/index.php/Home/Index/appGetPetById?pet_id=5
INFO: [ app_init ] --START--
INFO: Run Behavior\BuildLiteBehavior [ RunTime:0.000011s ]
INFO: [ app_init ] --END-- [ RunTime:0.000281s ]
INFO: [ app_begin ] --START--
INFO: Run Behavior\ReadHtmlCacheBehavior [ RunTime:0.000355s ]
INFO: [ app_begin ] --END-- [ RunTime:0.000386s ]
SQL: SHOW COLUMNS FROM `pet` [ RunTime:0.0036s ]
SQL: SELECT * FROM `pet` WHERE ( id='5' )  [ RunTime:0.0003s ]

[ 2016-12-07T17:57:20+08:00 ] 222.195.145.151 /Pets/Interface/index.php/Home/Index/appDealApplication
INFO: [ app_init ] --START--
INFO: Run Behavior\BuildLiteBehavior [ RunTime:0.000023s ]
INFO: [ app_init ] --END-- [ RunTime:0.000836s ]
INFO: [ app_begin ] --START--
INFO: Run Behavior\ReadHtmlCacheBehavior [ RunTime:0.001071s ]
INFO: [ app_begin ] --END-- [ RunTime:0.001175s ]
SQL: SHOW COLUMNS FROM `application` [ RunTime:0.0047s ]
SQL: SELECT * FROM `application` WHERE ( userid=7 AND petid=5 AND ispass<>-1 )  [ RunTime:0.0003s ]
INFO: [ app_end ] --START--
INFO: Run Behavior\ShowPageTraceBehavior [ RunTime:0.000496s ]
INFO: [ app_end ] --END-- [ RunTime:0.000530s ]

[ 2016-12-07T17:57:22+08:00 ] 222.195.145.151 /Pets/Interface/index.php/Home/Index/appGetPets
INFO: [ app_init ] --START--
INFO: Run Behavior\BuildLiteBehavior [ RunTime:0.000012s ]
INFO: [ app_init ] --END-- [ RunTime:0.000413s ]
INFO: [ app_begin ] --START--
INFO: Run Behavior\ReadHtmlCacheBehavior [ RunTime:0.000544s ]
INFO: [ app_begin ] --END-- [ RunTime:0.000591s ]
SQL: SHOW COLUMNS FROM `pet` [ RunTime:0.0066s ]
SQL: SELECT * FROM `pet`  [ RunTime:0.0004s ]

[ 2016-12-07T17:57:23+08:00 ] 222.195.145.151 /Pets/Interface/index.php/Home/Index/appGetPetById?pet_id=6
INFO: [ app_init ] --START--
INFO: Run Behavior\BuildLiteBehavior [ RunTime:0.000012s ]
INFO: [ app_init ] --END-- [ RunTime:0.000379s ]
INFO: [ app_begin ] --START--
INFO: Run Behavior\ReadHtmlCacheBehavior [ RunTime:0.000503s ]
INFO: [ app_begin ] --END-- [ RunTime:0.000550s ]
SQL: SHOW COLUMNS FROM `pet` [ RunTime:0.0058s ]
SQL: SELECT * FROM `pet` WHERE ( id='6' )  [ RunTime:0.0003s ]

[ 2016-12-07T17:57:24+08:00 ] 222.195.145.151 /Pets/Interface/index.php/Home/Index/appDealApplication
INFO: [ app_init ] --START--
INFO: Run Behavior\BuildLiteBehavior [ RunTime:0.000006s ]
INFO: [ app_init ] --END-- [ RunTime:0.000217s ]
INFO: [ app_begin ] --START--
INFO: Run Behavior\ReadHtmlCacheBehavior [ RunTime:0.000276s ]
INFO: [ app_begin ] --END-- [ RunTime:0.000301s ]
SQL: SHOW COLUMNS FROM `application` [ RunTime:0.0046s ]
SQL: SELECT * FROM `application` WHERE ( userid=7 AND petid=6 AND ispass<>-1 )  [ RunTime:0.0003s ]
INFO: [ app_end ] --START--
INFO: Run Behavior\ShowPageTraceBehavior [ RunTime:0.000524s ]
INFO: [ app_end ] --END-- [ RunTime:0.000560s ]

[ 2016-12-07T17:57:25+08:00 ] 222.195.145.151 /Pets/Interface/index.php/Home/Index/appGetPets
INFO: [ app_init ] --START--
INFO: Run Behavior\BuildLiteBehavior [ RunTime:0.000020s ]
INFO: [ app_init ] --END-- [ RunTime:0.000696s ]
INFO: [ app_begin ] --START--
INFO: Run Behavior\ReadHtmlCacheBehavior [ RunTime:0.000712s ]
INFO: [ app_begin ] --END-- [ RunTime:0.000768s ]
SQL: SHOW COLUMNS FROM `pet` [ RunTime:0.0067s ]
SQL: SELECT * FROM `pet`  [ RunTime:0.0003s ]

[ 2016-12-07T17:57:27+08:00 ] 222.195.145.151 /Pets/Interface/index.php/Home/Index/appGetPetById?pet_id=4
INFO: [ app_init ] --START--
INFO: Run Behavior\BuildLiteBehavior [ RunTime:0.000013s ]
INFO: [ app_init ] --END-- [ RunTime:0.000476s ]
INFO: [ app_begin ] --START--
INFO: Run Behavior\ReadHtmlCacheBehavior [ RunTime:0.000604s ]
INFO: [ app_begin ] --END-- [ RunTime:0.000660s ]
SQL: SHOW COLUMNS FROM `pet` [ RunTime:0.0061s ]
SQL: SELECT * FROM `pet` WHERE ( id='4' )  [ RunTime:0.0003s ]

[ 2016-12-07T17:57:29+08:00 ] 222.195.145.151 /Pets/Interface/index.php/Home/Index/appDealApplication
INFO: [ app_init ] --START--
INFO: Run Behavior\BuildLiteBehavior [ RunTime:0.000022s ]
INFO: [ app_init ] --END-- [ RunTime:0.000889s ]
INFO: [ app_begin ] --START--
INFO: Run Behavior\ReadHtmlCacheBehavior [ RunTime:0.001067s ]
INFO: [ app_begin ] --END-- [ RunTime:0.001169s ]
SQL: SHOW COLUMNS FROM `application` [ RunTime:0.0046s ]
SQL: SELECT * FROM `application` WHERE ( userid=7 AND petid=4 AND ispass<>-1 )  [ RunTime:0.0003s ]
INFO: [ app_end ] --START--
INFO: Run Behavior\ShowPageTraceBehavior [ RunTime:0.000576s ]
INFO: [ app_end ] --END-- [ RunTime:0.000613s ]

[ 2016-12-07T17:57:30+08:00 ] 222.195.145.151 /Pets/Interface/index.php/Home/Index/appGetPets
INFO: [ app_init ] --START--
INFO: Run Behavior\BuildLiteBehavior [ RunTime:0.000024s ]
INFO: [ app_init ] --END-- [ RunTime:0.000832s ]
INFO: [ app_begin ] --START--
INFO: Run Behavior\ReadHtmlCacheBehavior [ RunTime:0.001110s ]
INFO: [ app_begin ] --END-- [ RunTime:0.001207s ]
SQL: SHOW COLUMNS FROM `pet` [ RunTime:0.0050s ]
SQL: SELECT * FROM `pet`  [ RunTime:0.0003s ]

[ 2016-12-07T17:57:31+08:00 ] 222.195.145.151 /Pets/Interface/index.php/Home/Index/appGetPetById?pet_id=3
INFO: [ app_init ] --START--
INFO: Run Behavior\BuildLiteBehavior [ RunTime:0.000011s ]
INFO: [ app_init ] --END-- [ RunTime:0.000372s ]
INFO: [ app_begin ] --START--
INFO: Run Behavior\ReadHtmlCacheBehavior [ RunTime:0.000484s ]
INFO: [ app_begin ] --END-- [ RunTime:0.000528s ]
SQL: SHOW COLUMNS FROM `pet` [ RunTime:0.0060s ]
SQL: SELECT * FROM `pet` WHERE ( id='3' )  [ RunTime:0.0004s ]

[ 2016-12-07T17:57:32+08:00 ] 222.195.145.151 /Pets/Interface/index.php/Home/Index/appDealApplication
INFO: [ app_init ] --START--
INFO: Run Behavior\BuildLiteBehavior [ RunTime:0.000023s ]
INFO: [ app_init ] --END-- [ RunTime:0.000850s ]
INFO: [ app_begin ] --START--
INFO: Run Behavior\ReadHtmlCacheBehavior [ RunTime:0.001087s ]
INFO: [ app_begin ] --END-- [ RunTime:0.001189s ]
SQL: SHOW COLUMNS FROM `application` [ RunTime:0.0048s ]
SQL: SELECT * FROM `application` WHERE ( userid=7 AND petid=3 AND ispass<>-1 )  [ RunTime:0.0003s ]
INFO: [ app_end ] --START--
INFO: Run Behavior\ShowPageTraceBehavior [ RunTime:0.000436s ]
INFO: [ app_end ] --END-- [ RunTime:0.000464s ]

[ 2016-12-07T17:57:33+08:00 ] 222.195.145.151 /Pets/Interface/index.php/Home/Index/appGetPets
INFO: [ app_init ] --START--
INFO: Run Behavior\BuildLiteBehavior [ RunTime:0.000011s ]
INFO: [ app_init ] --END-- [ RunTime:0.000381s ]
INFO: [ app_begin ] --START--
INFO: Run Behavior\ReadHtmlCacheBehavior [ RunTime:0.000474s ]
INFO: [ app_begin ] --END-- [ RunTime:0.000517s ]
SQL: SHOW COLUMNS FROM `pet` [ RunTime:0.0059s ]
SQL: SELECT * FROM `pet`  [ RunTime:0.0003s ]

[ 2016-12-07T17:57:34+08:00 ] 222.195.145.151 /Pets/Interface/index.php/Home/Index/appGetPetById?pet_id=1
INFO: [ app_init ] --START--
INFO: Run Behavior\BuildLiteBehavior [ RunTime:0.000021s ]
INFO: [ app_init ] --END-- [ RunTime:0.000709s ]
INFO: [ app_begin ] --START--
INFO: Run Behavior\ReadHtmlCacheBehavior [ RunTime:0.000655s ]
INFO: [ app_begin ] --END-- [ RunTime:0.000722s ]
SQL: SHOW COLUMNS FROM `pet` [ RunTime:0.0054s ]
SQL: SELECT * FROM `pet` WHERE ( id='1' )  [ RunTime:0.0003s ]

[ 2016-12-07T17:57:36+08:00 ] 222.195.145.151 /Pets/Interface/index.php/Home/Index/appDealApplication
INFO: [ app_init ] --START--
INFO: Run Behavior\BuildLiteBehavior [ RunTime:0.000009s ]
INFO: [ app_init ] --END-- [ RunTime:0.000335s ]
INFO: [ app_begin ] --START--
INFO: Run Behavior\ReadHtmlCacheBehavior [ RunTime:0.000436s ]
INFO: [ app_begin ] --END-- [ RunTime:0.000475s ]
SQL: SHOW COLUMNS FROM `application` [ RunTime:0.0050s ]
SQL: SELECT * FROM `application` WHERE ( userid=7 AND petid=1 AND ispass<>-1 )  [ RunTime:0.0004s ]
INFO: [ app_end ] --START--
INFO: Run Behavior\ShowPageTraceBehavior [ RunTime:0.000636s ]
INFO: [ app_end ] --END-- [ RunTime:0.000716s ]

[ 2016-12-07T17:57:37+08:00 ] 222.195.145.151 /Pets/Interface/index.php/Home/Index/appGetPets
INFO: [ app_init ] --START--
INFO: Run Behavior\BuildLiteBehavior [ RunTime:0.000012s ]
INFO: [ app_init ] --END-- [ RunTime:0.000419s ]
INFO: [ app_begin ] --START--
INFO: Run Behavior\ReadHtmlCacheBehavior [ RunTime:0.000530s ]
INFO: [ app_begin ] --END-- [ RunTime:0.000579s ]
SQL: SHOW COLUMNS FROM `pet` [ RunTime:0.0055s ]
SQL: SELECT * FROM `pet`  [ RunTime:0.0004s ]

[ 2016-12-07T17:57:38+08:00 ] 222.195.145.151 /Pets/Interface/index.php/Home/Index/appGetPetById?pet_id=2
INFO: [ app_init ] --START--
INFO: Run Behavior\BuildLiteBehavior [ RunTime:0.000013s ]
INFO: [ app_init ] --END-- [ RunTime:0.000415s ]
INFO: [ app_begin ] --START--
INFO: Run Behavior\ReadHtmlCacheBehavior [ RunTime:0.000535s ]
INFO: [ app_begin ] --END-- [ RunTime:0.000583s ]
SQL: SHOW COLUMNS FROM `pet` [ RunTime:0.0066s ]
SQL: SELECT * FROM `pet` WHERE ( id='2' )  [ RunTime:0.0003s ]

[ 2016-12-07T17:57:39+08:00 ] 222.195.145.151 /Pets/Interface/index.php/Home/Index/appDealApplication
INFO: [ app_init ] --START--
INFO: Run Behavior\BuildLiteBehavior [ RunTime:0.000007s ]
INFO: [ app_init ] --END-- [ RunTime:0.000222s ]
INFO: [ app_begin ] --START--
INFO: Run Behavior\ReadHtmlCacheBehavior [ RunTime:0.000274s ]
INFO: [ app_begin ] --END-- [ RunTime:0.000300s ]
SQL: SHOW COLUMNS FROM `application` [ RunTime:0.0051s ]
SQL: SELECT * FROM `application` WHERE ( userid=7 AND petid=2 AND ispass<>-1 )  [ RunTime:0.0003s ]
INFO: [ app_end ] --START--
INFO: Run Behavior\ShowPageTraceBehavior [ RunTime:0.000553s ]
INFO: [ app_end ] --END-- [ RunTime:0.000591s ]

[ 2016-12-07T17:57:41+08:00 ] 222.195.145.151 /Pets/Interface/index.php/Home/Index/appGetPets
INFO: [ app_init ] --START--
INFO: Run Behavior\BuildLiteBehavior [ RunTime:0.000011s ]
INFO: [ app_init ] --END-- [ RunTime:0.000387s ]
INFO: [ app_begin ] --START--
INFO: Run Behavior\ReadHtmlCacheBehavior [ RunTime:0.000485s ]
INFO: [ app_begin ] --END-- [ RunTime:0.000529s ]
SQL: SHOW COLUMNS FROM `pet` [ RunTime:0.0061s ]
SQL: SELECT * FROM `pet`  [ RunTime:0.0003s ]

[ 2016-12-07T17:59:18+08:00 ] 222.195.145.151 /Pets/Interface/index.php/Home/Index/appGetPets
INFO: [ app_init ] --START--
INFO: Run Behavior\BuildLiteBehavior [ RunTime:0.000024s ]
INFO: [ app_init ] --END-- [ RunTime:0.001015s ]
INFO: [ app_begin ] --START--
INFO: Run Behavior\ReadHtmlCacheBehavior [ RunTime:0.000960s ]
INFO: [ app_begin ] --END-- [ RunTime:0.001036s ]
SQL: SHOW COLUMNS FROM `pet` [ RunTime:0.0059s ]
SQL: SELECT * FROM `pet`  [ RunTime:0.0003s ]

[ 2016-12-07T17:59:22+08:00 ] 222.195.145.151 /Pets/Interface/index.php/Home/Index/appGetPetById?pet_id=5
INFO: [ app_init ] --START--
INFO: Run Behavior\BuildLiteBehavior [ RunTime:0.000009s ]
INFO: [ app_init ] --END-- [ RunTime:0.000294s ]
INFO: [ app_begin ] --START--
INFO: Run Behavior\ReadHtmlCacheBehavior [ RunTime:0.000306s ]
INFO: [ app_begin ] --END-- [ RunTime:0.000334s ]
SQL: SHOW COLUMNS FROM `pet` [ RunTime:0.0052s ]
SQL: SELECT * FROM `pet` WHERE ( id='5' )  [ RunTime:0.0003s ]

[ 2016-12-07T17:59:23+08:00 ] 222.195.145.151 /Pets/Interface/index.php/Home/Index/appDealApplication
INFO: [ app_init ] --START--
INFO: Run Behavior\BuildLiteBehavior [ RunTime:0.000023s ]
INFO: [ app_init ] --END-- [ RunTime:0.000892s ]
INFO: [ app_begin ] --START--
INFO: Run Behavior\ReadHtmlCacheBehavior [ RunTime:0.001059s ]
INFO: [ app_begin ] --END-- [ RunTime:0.001160s ]
SQL: SHOW COLUMNS FROM `application` [ RunTime:0.0059s ]
SQL: SELECT * FROM `application` WHERE ( userid=7 AND petid=5 AND ispass<>-1 )  [ RunTime:0.0003s ]
SQL: SELECT * FROM `application` WHERE ( userid=7 AND petid=5 AND ispass=1 )  [ RunTime:0.0003s ]
SQL: SELECT * FROM `application` WHERE ( userid=7 AND ispass=0 )  [ RunTime:0.0003s ]
SQL: INSERT INTO `application` (`userid`,`petid`) VALUES ('7','5') [ RunTime:0.0016s ]
INFO: [ app_end ] --START--
INFO: Run Behavior\ShowPageTraceBehavior [ RunTime:0.000724s ]
INFO: [ app_end ] --END-- [ RunTime:0.000766s ]

[ 2016-12-07T17:59:26+08:00 ] 222.195.145.151 /Pets/Interface/index.php/Home/Index/appGetPets
INFO: [ app_init ] --START--
INFO: Run Behavior\BuildLiteBehavior [ RunTime:0.000012s ]
INFO: [ app_init ] --END-- [ RunTime:0.000372s ]
INFO: [ app_begin ] --START--
INFO: Run Behavior\ReadHtmlCacheBehavior [ RunTime:0.000481s ]
INFO: [ app_begin ] --END-- [ RunTime:0.000525s ]
SQL: SHOW COLUMNS FROM `pet` [ RunTime:0.0059s ]
SQL: SELECT * FROM `pet`  [ RunTime:0.0004s ]

[ 2016-12-07T17:59:32+08:00 ] 222.195.145.151 /Pets/Interface/index.php/Home/Index/appGetPetById?pet_id=6
INFO: [ app_init ] --START--
INFO: Run Behavior\BuildLiteBehavior [ RunTime:0.000015s ]
INFO: [ app_init ] --END-- [ RunTime:0.000459s ]
INFO: [ app_begin ] --START--
INFO: Run Behavior\ReadHtmlCacheBehavior [ RunTime:0.000583s ]
INFO: [ app_begin ] --END-- [ RunTime:0.000643s ]
SQL: SHOW COLUMNS FROM `pet` [ RunTime:0.0071s ]
SQL: SELECT * FROM `pet` WHERE ( id='6' )  [ RunTime:0.0003s ]

[ 2016-12-07T17:59:33+08:00 ] 222.195.145.151 /Pets/Interface/index.php/Home/Index/appDealApplication
INFO: [ app_init ] --START--
INFO: Run Behavior\BuildLiteBehavior [ RunTime:0.000023s ]
INFO: [ app_init ] --END-- [ RunTime:0.000839s ]
INFO: [ app_begin ] --START--
INFO: Run Behavior\ReadHtmlCacheBehavior [ RunTime:0.000424s ]
INFO: [ app_begin ] --END-- [ RunTime:0.000464s ]
SQL: SHOW COLUMNS FROM `application` [ RunTime:0.0046s ]
SQL: SELECT * FROM `application` WHERE ( userid=7 AND petid=6 AND ispass<>-1 )  [ RunTime:0.0003s ]
SQL: SELECT * FROM `application` WHERE ( userid=7 AND petid=6 AND ispass=1 )  [ RunTime:0.0002s ]
SQL: SELECT * FROM `application` WHERE ( userid=7 AND ispass=0 )  [ RunTime:0.0002s ]
INFO: [ app_end ] --START--
INFO: Run Behavior\ShowPageTraceBehavior [ RunTime:0.000524s ]
INFO: [ app_end ] --END-- [ RunTime:0.000561s ]

[ 2016-12-07T17:59:36+08:00 ] 222.195.145.151 /Pets/Interface/index.php/Home/Index/appGetPets
INFO: [ app_init ] --START--
INFO: Run Behavior\BuildLiteBehavior [ RunTime:0.000024s ]
INFO: [ app_init ] --END-- [ RunTime:0.000931s ]
INFO: [ app_begin ] --START--
INFO: Run Behavior\ReadHtmlCacheBehavior [ RunTime:0.001098s ]
INFO: [ app_begin ] --END-- [ RunTime:0.001195s ]
SQL: SHOW COLUMNS FROM `pet` [ RunTime:0.0048s ]
SQL: SELECT * FROM `pet`  [ RunTime:0.0003s ]

[ 2016-12-07T18:18:25+08:00 ] ::1 /Pets/Interface/index.php/Home/Index/appGetWaiting
INFO: [ app_init ] --START--
INFO: Run Behavior\BuildLiteBehavior [ RunTime:0.000007s ]
INFO: [ app_init ] --END-- [ RunTime:0.000290s ]
INFO: [ app_begin ] --START--
INFO: Run Behavior\ReadHtmlCacheBehavior [ RunTime:0.000416s ]
INFO: [ app_begin ] --END-- [ RunTime:0.000444s ]
SQL: SHOW COLUMNS FROM `pet` [ RunTime:0.0056s ]
SQL: SELECT * FROM pet pet,application apply WHERE ( userid=7 AND pet.id=apply.petid )  [ RunTime:0.0004s ]
INFO: [ app_end ] --START--
INFO: Run Behavior\ShowPageTraceBehavior [ RunTime:0.000569s ]
INFO: [ app_end ] --END-- [ RunTime:0.000603s ]

[ 2016-12-07T18:35:00+08:00 ] 222.195.145.151 /Pets/Interface/index.php/Home/Index/appGetPets
INFO: [ app_init ] --START--
INFO: Run Behavior\BuildLiteBehavior [ RunTime:0.000014s ]
INFO: [ app_init ] --END-- [ RunTime:0.000710s ]
INFO: [ app_begin ] --START--
INFO: Run Behavior\ReadHtmlCacheBehavior [ RunTime:0.000966s ]
INFO: [ app_begin ] --END-- [ RunTime:0.001043s ]
SQL: SHOW COLUMNS FROM `pet` [ RunTime:0.0058s ]
SQL: SELECT * FROM `pet`  [ RunTime:0.0002s ]

[ 2016-12-07T18:35:11+08:00 ] 222.195.145.151 /Pets/Interface/index.php/Home/Index/appGetPetById?pet_id=2
INFO: [ app_init ] --START--
INFO: Run Behavior\BuildLiteBehavior [ RunTime:0.000011s ]
INFO: [ app_init ] --END-- [ RunTime:0.000390s ]
INFO: [ app_begin ] --START--
INFO: Run Behavior\ReadHtmlCacheBehavior [ RunTime:0.000573s ]
INFO: [ app_begin ] --END-- [ RunTime:0.000620s ]
SQL: SHOW COLUMNS FROM `pet` [ RunTime:0.0054s ]
SQL: SELECT * FROM `pet` WHERE ( id='2' )  [ RunTime:0.0004s ]

[ 2016-12-07T18:38:12+08:00 ] 222.195.145.151 /Pets/Interface/index.php/Home/Index/appGetPets
INFO: [ app_init ] --START--
INFO: Run Behavior\BuildLiteBehavior [ RunTime:0.000015s ]
INFO: [ app_init ] --END-- [ RunTime:0.000559s ]
INFO: [ app_begin ] --START--
INFO: Run Behavior\ReadHtmlCacheBehavior [ RunTime:0.000747s ]
INFO: [ app_begin ] --END-- [ RunTime:0.000800s ]
SQL: SHOW COLUMNS FROM `pet` [ RunTime:0.0070s ]
SQL: SELECT * FROM `pet`  [ RunTime:0.0004s ]

[ 2016-12-07T18:38:23+08:00 ] 222.195.145.151 /Pets/Interface/index.php/Home/Index/appGetPetById?pet_id=1
INFO: [ app_init ] --START--
INFO: Run Behavior\BuildLiteBehavior [ RunTime:0.000007s ]
INFO: [ app_init ] --END-- [ RunTime:0.000223s ]
INFO: [ app_begin ] --START--
INFO: Run Behavior\ReadHtmlCacheBehavior [ RunTime:0.000357s ]
INFO: [ app_begin ] --END-- [ RunTime:0.000382s ]
SQL: SHOW COLUMNS FROM `pet` [ RunTime:0.0049s ]
SQL: SELECT * FROM `pet` WHERE ( id='1' )  [ RunTime:0.0003s ]

[ 2016-12-07T18:41:36+08:00 ] 222.195.145.151 /Pets/Interface/index.php/Home/Index/appGetPets
INFO: [ app_init ] --START--
INFO: Run Behavior\BuildLiteBehavior [ RunTime:0.000008s ]
INFO: [ app_init ] --END-- [ RunTime:0.000257s ]
INFO: [ app_begin ] --START--
INFO: Run Behavior\ReadHtmlCacheBehavior [ RunTime:0.000358s ]
INFO: [ app_begin ] --END-- [ RunTime:0.000384s ]
SQL: SHOW COLUMNS FROM `pet` [ RunTime:0.0050s ]
SQL: SELECT * FROM `pet`  [ RunTime:0.0002s ]

[ 2016-12-07T18:41:40+08:00 ] 222.195.145.151 /Pets/Interface/index.php/Home/Index/appGetPetById?pet_id=1
INFO: [ app_init ] --START--
INFO: Run Behavior\BuildLiteBehavior [ RunTime:0.000011s ]
INFO: [ app_init ] --END-- [ RunTime:0.000426s ]
INFO: [ app_begin ] --START--
INFO: Run Behavior\ReadHtmlCacheBehavior [ RunTime:0.000541s ]
INFO: [ app_begin ] --END-- [ RunTime:0.000590s ]
SQL: SHOW COLUMNS FROM `pet` [ RunTime:0.0056s ]
SQL: SELECT * FROM `pet` WHERE ( id='1' )  [ RunTime:0.0002s ]

[ 2016-12-07T18:42:42+08:00 ] 222.195.145.151 /Pets/Interface/index.php/Home/Index/appGetPets
INFO: [ app_init ] --START--
INFO: Run Behavior\BuildLiteBehavior [ RunTime:0.000015s ]
INFO: [ app_init ] --END-- [ RunTime:0.000489s ]
INFO: [ app_begin ] --START--
INFO: Run Behavior\ReadHtmlCacheBehavior [ RunTime:0.000667s ]
INFO: [ app_begin ] --END-- [ RunTime:0.000735s ]
SQL: SHOW COLUMNS FROM `pet` [ RunTime:0.0074s ]
SQL: SELECT * FROM `pet`  [ RunTime:0.0004s ]

[ 2016-12-07T18:42:44+08:00 ] 222.195.145.151 /Pets/Interface/index.php/Home/Index/appGetPetById?pet_id=1
INFO: [ app_init ] --START--
INFO: Run Behavior\BuildLiteBehavior [ RunTime:0.000012s ]
INFO: [ app_init ] --END-- [ RunTime:0.000386s ]
INFO: [ app_begin ] --START--
INFO: Run Behavior\ReadHtmlCacheBehavior [ RunTime:0.000501s ]
INFO: [ app_begin ] --END-- [ RunTime:0.000546s ]
SQL: SHOW COLUMNS FROM `pet` [ RunTime:0.0054s ]
SQL: SELECT * FROM `pet` WHERE ( id='1' )  [ RunTime:0.0003s ]

[ 2016-12-07T18:53:17+08:00 ] 222.195.145.151 /Pets/Interface/index.php/Home/Index/appGetPets
INFO: [ app_init ] --START--
INFO: Run Behavior\BuildLiteBehavior [ RunTime:0.000009s ]
INFO: [ app_init ] --END-- [ RunTime:0.000357s ]
INFO: [ app_begin ] --START--
INFO: Run Behavior\ReadHtmlCacheBehavior [ RunTime:0.000507s ]
INFO: [ app_begin ] --END-- [ RunTime:0.000540s ]
SQL: SHOW COLUMNS FROM `pet` [ RunTime:0.0045s ]
SQL: SELECT * FROM `pet`  [ RunTime:0.0002s ]

[ 2016-12-07T18:53:20+08:00 ] 222.195.145.151 /Pets/Interface/index.php/Home/Index/appGetPetById?pet_id=1
INFO: [ app_init ] --START--
INFO: Run Behavior\BuildLiteBehavior [ RunTime:0.000007s ]
INFO: [ app_init ] --END-- [ RunTime:0.000246s ]
INFO: [ app_begin ] --START--
INFO: Run Behavior\ReadHtmlCacheBehavior [ RunTime:0.000329s ]
INFO: [ app_begin ] --END-- [ RunTime:0.000360s ]
SQL: SHOW COLUMNS FROM `pet` [ RunTime:0.0051s ]
SQL: SELECT * FROM `pet` WHERE ( id='1' )  [ RunTime:0.0003s ]

[ 2016-12-07T18:58:21+08:00 ] 222.195.145.151 /Pets/Interface/index.php/Home/Index/appGetPets
INFO: [ app_init ] --START--
INFO: Run Behavior\BuildLiteBehavior [ RunTime:0.000014s ]
INFO: [ app_init ] --END-- [ RunTime:0.000474s ]
INFO: [ app_begin ] --START--
INFO: Run Behavior\ReadHtmlCacheBehavior [ RunTime:0.000743s ]
INFO: [ app_begin ] --END-- [ RunTime:0.000806s ]
SQL: SHOW COLUMNS FROM `pet` [ RunTime:0.0045s ]
SQL: SELECT * FROM `pet`  [ RunTime:0.0003s ]

[ 2016-12-07T19:01:54+08:00 ] 222.195.145.151 /Pets/Interface/index.php/Home/Index/appGetPetById?pet_id=1
INFO: [ app_init ] --START--
INFO: Run Behavior\BuildLiteBehavior [ RunTime:0.000009s ]
INFO: [ app_init ] --END-- [ RunTime:0.000286s ]
INFO: [ app_begin ] --START--
INFO: Run Behavior\ReadHtmlCacheBehavior [ RunTime:0.000453s ]
INFO: [ app_begin ] --END-- [ RunTime:0.000488s ]
SQL: SHOW COLUMNS FROM `pet` [ RunTime:0.0050s ]
SQL: SELECT * FROM `pet` WHERE ( id='1' )  [ RunTime:0.0003s ]

[ 2016-12-07T19:01:57+08:00 ] 222.195.145.151 /Pets/Interface/index.php/Home/Index/appGetPets
INFO: [ app_init ] --START--
INFO: Run Behavior\BuildLiteBehavior [ RunTime:0.000008s ]
INFO: [ app_init ] --END-- [ RunTime:0.000252s ]
INFO: [ app_begin ] --START--
INFO: Run Behavior\ReadHtmlCacheBehavior [ RunTime:0.000325s ]
INFO: [ app_begin ] --END-- [ RunTime:0.000353s ]
SQL: SHOW COLUMNS FROM `pet` [ RunTime:0.0052s ]
SQL: SELECT * FROM `pet`  [ RunTime:0.0003s ]

[ 2016-12-07T19:04:18+08:00 ] 222.195.145.151 /Pets/Interface/index.php/Home/Index/appGetPets
INFO: [ app_init ] --START--
INFO: Run Behavior\BuildLiteBehavior [ RunTime:0.000025s ]
INFO: [ app_init ] --END-- [ RunTime:0.000987s ]
INFO: [ app_begin ] --START--
INFO: Run Behavior\ReadHtmlCacheBehavior [ RunTime:0.001415s ]
INFO: [ app_begin ] --END-- [ RunTime:0.001516s ]
SQL: SHOW COLUMNS FROM `pet` [ RunTime:0.0065s ]
SQL: SELECT * FROM `pet`  [ RunTime:0.0004s ]

[ 2016-12-07T19:04:19+08:00 ] 222.195.145.151 /Pets/Interface/index.php/Home/Index/appGetPetById?pet_id=1
INFO: [ app_init ] --START--
INFO: Run Behavior\BuildLiteBehavior [ RunTime:0.000010s ]
INFO: [ app_init ] --END-- [ RunTime:0.000379s ]
INFO: [ app_begin ] --START--
INFO: Run Behavior\ReadHtmlCacheBehavior [ RunTime:0.000481s ]
INFO: [ app_begin ] --END-- [ RunTime:0.000525s ]
SQL: SHOW COLUMNS FROM `pet` [ RunTime:0.0532s ]
SQL: SELECT * FROM `pet` WHERE ( id='1' )  [ RunTime:0.0007s ]

[ 2016-12-07T19:07:44+08:00 ] 222.195.145.151 /Pets/Interface/index.php/Home/Index/appGetPets
INFO: [ app_init ] --START--
INFO: Run Behavior\BuildLiteBehavior [ RunTime:0.000009s ]
INFO: [ app_init ] --END-- [ RunTime:0.000322s ]
INFO: [ app_begin ] --START--
INFO: Run Behavior\ReadHtmlCacheBehavior [ RunTime:0.000654s ]
INFO: [ app_begin ] --END-- [ RunTime:0.000707s ]
SQL: SHOW COLUMNS FROM `pet` [ RunTime:0.0044s ]
SQL: SELECT * FROM `pet`  [ RunTime:0.0003s ]

[ 2016-12-07T19:07:45+08:00 ] 222.195.145.151 /Pets/Interface/index.php/Home/Index/appGetPetById?pet_id=1
INFO: [ app_init ] --START--
INFO: Run Behavior\BuildLiteBehavior [ RunTime:0.000013s ]
INFO: [ app_init ] --END-- [ RunTime:0.000431s ]
INFO: [ app_begin ] --START--
INFO: Run Behavior\ReadHtmlCacheBehavior [ RunTime:0.000556s ]
INFO: [ app_begin ] --END-- [ RunTime:0.000605s ]
SQL: SHOW COLUMNS FROM `pet` [ RunTime:0.0067s ]
SQL: SELECT * FROM `pet` WHERE ( id='1' )  [ RunTime:0.0004s ]

[ 2016-12-07T19:08:19+08:00 ] 222.195.145.151 /Pets/Interface/index.php/Home/Index/appGetPets
INFO: [ app_init ] --START--
INFO: Run Behavior\BuildLiteBehavior [ RunTime:0.000022s ]
INFO: [ app_init ] --END-- [ RunTime:0.000842s ]
INFO: [ app_begin ] --START--
INFO: Run Behavior\ReadHtmlCacheBehavior [ RunTime:0.000484s ]
INFO: [ app_begin ] --END-- [ RunTime:0.000528s ]
SQL: SHOW COLUMNS FROM `pet` [ RunTime:0.0060s ]
SQL: SELECT * FROM `pet`  [ RunTime:0.0003s ]

[ 2016-12-07T19:08:21+08:00 ] 222.195.145.151 /Pets/Interface/index.php/Home/Index/appGetPetById?pet_id=1
INFO: [ app_init ] --START--
INFO: Run Behavior\BuildLiteBehavior [ RunTime:0.000013s ]
INFO: [ app_init ] --END-- [ RunTime:0.000465s ]
INFO: [ app_begin ] --START--
INFO: Run Behavior\ReadHtmlCacheBehavior [ RunTime:0.000631s ]
INFO: [ app_begin ] --END-- [ RunTime:0.000693s ]
SQL: SHOW COLUMNS FROM `pet` [ RunTime:0.0067s ]
SQL: SELECT * FROM `pet` WHERE ( id='1' )  [ RunTime:0.0004s ]

[ 2016-12-07T19:08:23+08:00 ] 222.195.145.151 /Pets/Interface/index.php/Home/Index/appDealApplication
INFO: [ app_init ] --START--
INFO: Run Behavior\BuildLiteBehavior [ RunTime:0.000023s ]
INFO: [ app_init ] --END-- [ RunTime:0.000852s ]
INFO: [ app_begin ] --START--
INFO: Run Behavior\ReadHtmlCacheBehavior [ RunTime:0.001163s ]
INFO: [ app_begin ] --END-- [ RunTime:0.001275s ]
SQL: SHOW COLUMNS FROM `application` [ RunTime:0.0052s ]
SQL: SELECT * FROM `application` WHERE ( userid=7 AND petid=1 AND ispass<>-1 )  [ RunTime:0.0005s ]
INFO: [ app_end ] --START--
INFO: Run Behavior\ShowPageTraceBehavior [ RunTime:0.000767s ]
INFO: [ app_end ] --END-- [ RunTime:0.000812s ]

[ 2016-12-07T19:08:26+08:00 ] 222.195.145.151 /Pets/Interface/index.php/Home/Index/appGetPets
INFO: [ app_init ] --START--
INFO: Run Behavior\BuildLiteBehavior [ RunTime:0.000026s ]
INFO: [ app_init ] --END-- [ RunTime:0.000901s ]
INFO: [ app_begin ] --START--
INFO: Run Behavior\ReadHtmlCacheBehavior [ RunTime:0.001113s ]
INFO: [ app_begin ] --END-- [ RunTime:0.001218s ]
SQL: SHOW COLUMNS FROM `pet` [ RunTime:0.0049s ]
SQL: SELECT * FROM `pet`  [ RunTime:0.0002s ]

[ 2016-12-07T19:09:49+08:00 ] 222.195.145.151 /Pets/Interface/index.php/Home/Index/appGetPets
INFO: [ app_init ] --START--
INFO: Run Behavior\BuildLiteBehavior [ RunTime:0.000012s ]
INFO: [ app_init ] --END-- [ RunTime:0.000446s ]
INFO: [ app_begin ] --START--
INFO: Run Behavior\ReadHtmlCacheBehavior [ RunTime:0.000473s ]
INFO: [ app_begin ] --END-- [ RunTime:0.000503s ]
SQL: SHOW COLUMNS FROM `pet` [ RunTime:0.0055s ]
SQL: SELECT * FROM `pet`  [ RunTime:0.0003s ]

[ 2016-12-07T19:09:52+08:00 ] 222.195.145.151 /Pets/Interface/index.php/Home/Index/appGetApplication
INFO: [ app_init ] --START--
INFO: Run Behavior\BuildLiteBehavior [ RunTime:0.000013s ]
INFO: [ app_init ] --END-- [ RunTime:0.000398s ]
INFO: [ app_begin ] --START--
INFO: Run Behavior\ReadHtmlCacheBehavior [ RunTime:0.000495s ]
INFO: [ app_begin ] --END-- [ RunTime:0.000539s ]
ERR: 非法操作:appGetApplication

[ 2016-12-07T19:10:52+08:00 ] 222.195.145.151 /Pets/Interface/index.php/Home/Index/appGetPets
INFO: [ app_init ] --START--
INFO: Run Behavior\BuildLiteBehavior [ RunTime:0.000013s ]
INFO: [ app_init ] --END-- [ RunTime:0.000381s ]
INFO: [ app_begin ] --START--
INFO: Run Behavior\ReadHtmlCacheBehavior [ RunTime:0.000511s ]
INFO: [ app_begin ] --END-- [ RunTime:0.000560s ]
SQL: SHOW COLUMNS FROM `pet` [ RunTime:0.0057s ]
SQL: SELECT * FROM `pet`  [ RunTime:0.0003s ]

[ 2016-12-07T19:10:54+08:00 ] 222.195.145.151 /Pets/Interface/index.php/Home/Index/appGetWaiting
INFO: [ app_init ] --START--
INFO: Run Behavior\BuildLiteBehavior [ RunTime:0.000012s ]
INFO: [ app_init ] --END-- [ RunTime:0.000368s ]
INFO: [ app_begin ] --START--
INFO: Run Behavior\ReadHtmlCacheBehavior [ RunTime:0.000495s ]
INFO: [ app_begin ] --END-- [ RunTime:0.000544s ]
SQL: SHOW COLUMNS FROM `pet` [ RunTime:0.0054s ]
SQL: SELECT * FROM pet pet,application apply WHERE ( userid=0 AND pet.id=apply.petid )  [ RunTime:0.0003s ]

